<?xml version="1.0" encoding="UTF-8"?>
<!-- Generated by org.testng.reporters.JUnitReportReporter -->
<testsuite hostname="CPP00086758B" name="test.Test2" tests="1" failures="0" timestamp="3 Oct 2018 10:48:30 GMT" time="9.793" errors="0">
  <testcase name="testUploadFile" time="9.793" classname="test.Test2"/>
</testsuite> <!-- test.Test2 -->
